=== SolidLink Diagnostic Log ===
Started: 1/6/2026 7:44:34 PM

[19:44:34.667] ========== TREE EXTRACTION START ==========
[19:44:34.667] Model: ORIGINAL_3_DOF_ARM.SLDASM
[19:44:34.668] Type: ASSEMBLY
[19:44:34.963] Component: ORIGINAL_3_DOF_ARM
[19:44:34.965]   Parent: (ROOT)
[19:44:34.965]   Transform: (null or incomplete)
[19:44:35.025] Component: Arm_base-1
[19:44:35.027]   Parent: (ROOT)
[19:44:35.027]   Rotation Row1: [1.0000, 0.0000, 0.0000]
[19:44:35.027]   Rotation Row2: [0.0000, 1.0000, 0.0000]
[19:44:35.029]   Rotation Row3: [0.0000, 0.0000, 1.0000]
[19:44:35.029]   Translation: [0.0086, 0.0345, -0.0278]
[19:44:35.029]   Scale: 1.0000
[19:44:35.041]   Body: Boss-Extrude2, UnitFactor: 0.0254
[19:44:35.058]     Vertices: 1464
[19:44:35.060]     BBox Min: [-0.0635, 0.0000, -0.0635]
[19:44:35.061]     BBox Max: [0.0635, 0.0152, 0.0635]
[19:44:35.061]     BBox Size: [0.1269, 0.0152, 0.1270]
[19:44:35.069] Component: Arm_link-1
[19:44:35.069]   Parent: (ROOT)
[19:44:35.069]   Rotation Row1: [-0.3020, 0.0000, 0.9533]
[19:44:35.069]   Rotation Row2: [0.0000, 1.0000, 0.0000]
[19:44:35.069]   Rotation Row3: [-0.9533, 0.0000, -0.3020]
[19:44:35.073]   Translation: [0.0086, 0.0371, -0.0278]
[19:44:35.074]   Scale: 1.0000
[19:44:35.075] Component: Arm_link-1/Skin Link-1
[19:44:35.075]   Parent: Arm_link-1
[19:44:35.075]   Rotation Row1: [-0.9533, 0.0000, -0.3020]
[19:44:35.076]   Rotation Row2: [0.0000, -1.0000, 0.0000]
[19:44:35.076]   Rotation Row3: [-0.3020, 0.0000, 0.9533]
[19:44:35.076]   Translation: [0.0086, 0.2197, -0.0278]
[19:44:35.076]   Scale: 1.0000
[19:44:35.079]   Body: Cut-Extrude2, UnitFactor: 0.0254
[19:44:35.085]     Vertices: 1080
[19:44:35.085]     BBox Min: [-0.0305, 0.0006, -0.0305]
[19:44:35.085]     BBox Max: [0.0305, 0.1841, 0.0305]
[19:44:35.087]     BBox Size: [0.0610, 0.1835, 0.0610]
[19:44:35.092] Component: Arm_link-1/Arm_brace-4
[19:44:35.092]   Parent: Arm_link-1
[19:44:35.092]   Rotation Row1: [0.0000, -1.0000, 0.0000]
[19:44:35.094]   Rotation Row2: [-0.3020, 0.0000, 0.9533]
[19:44:35.094]   Rotation Row3: [-0.9533, 0.0000, -0.3020]
[19:44:35.095]   Translation: [0.0019, 0.0649, -0.0068]
[19:44:35.095]   Scale: 1.0000
[19:44:35.096] Component: Arm_link-1/Arm_brace-1
[19:44:35.097]   Parent: Arm_link-1
[19:44:35.097]   Rotation Row1: [0.0000, 1.0000, 0.0000]
[19:44:35.098]   Rotation Row2: [-0.9533, 0.0000, -0.3020]
[19:44:35.098]   Rotation Row3: [-0.3020, 0.0000, 0.9533]
[19:44:35.098]   Translation: [-0.0124, 0.1577, -0.0344]
[19:44:35.098]   Scale: 1.0000
[19:44:35.098]   Body: Fillet4, UnitFactor: 0.0254
[19:44:35.098]     Vertices: 5010
[19:44:35.098]     BBox Min: [0.0019, 0.0000, -0.0127]
[19:44:35.104]     BBox Max: [0.0508, 0.0085, 0.0127]
[19:44:35.105]     BBox Size: [0.0489, 0.0085, 0.0254]
[19:44:35.105] Component: Arm_link-1/Arm_brace-2
[19:44:35.105]   Parent: Arm_link-1
[19:44:35.105]   Rotation Row1: [0.0000, 1.0000, 0.0000]
[19:44:35.108]   Rotation Row2: [0.9533, 0.0000, 0.3020]
[19:44:35.109]   Rotation Row3: [0.3020, 0.0000, -0.9533]
[19:44:35.109]   Translation: [0.0295, 0.1577, -0.0211]
[19:44:35.109]   Scale: 1.0000
[19:44:35.109]   Body: Fillet4, UnitFactor: 0.0254
[19:44:35.111]     Vertices: 5010
[19:44:35.111]     BBox Min: [0.0019, 0.0000, -0.0127]
[19:44:35.111]     BBox Max: [0.0508, 0.0085, 0.0127]
[19:44:35.111]     BBox Size: [0.0489, 0.0085, 0.0254]
[19:44:35.111] Component: Arm_link-1/Arm_link_tube-1
[19:44:35.111]   Parent: Arm_link-1
[19:44:35.115]   Rotation Row1: [-0.3020, 0.0000, 0.9533]
[19:44:35.115]   Rotation Row2: [0.0000, 1.0000, 0.0000]
[19:44:35.115]   Rotation Row3: [-0.9533, 0.0000, -0.3020]
[19:44:35.115]   Translation: [0.0086, 0.0371, -0.0278]
[19:44:35.115]   Scale: 1.0000
[19:44:35.115]   Body: Cut-Extrude2, UnitFactor: 0.0254
[19:44:35.118]     Vertices: 1992
[19:44:35.119]     BBox Min: [-0.0254, 0.0000, -0.0254]
[19:44:35.119]     BBox Max: [0.0254, 0.1588, 0.0254]
[19:44:35.119]     BBox Size: [0.0508, 0.1588, 0.0508]
[19:44:35.122] Component: Arm_link-1/Arm_brace-3
[19:44:35.122]   Parent: Arm_link-1
[19:44:35.122]   Rotation Row1: [0.0000, -1.0000, 0.0000]
[19:44:35.122]   Rotation Row2: [0.3020, 0.0000, -0.9533]
[19:44:35.124]   Rotation Row3: [0.9533, 0.0000, 0.3020]
[19:44:35.125]   Translation: [0.0152, 0.0649, -0.0488]
[19:44:35.125]   Scale: 1.0000
[19:44:35.126] Component: Arm_link-2
[19:44:35.126]   Parent: (ROOT)
[19:44:35.128]   Rotation Row1: [-0.9533, 0.0000, -0.3020]
[19:44:35.129]   Rotation Row2: [-0.2991, -0.1379, 0.9442]
[19:44:35.129]   Rotation Row3: [-0.0416, 0.9904, 0.1315]
[19:44:35.129]   Translation: [0.0036, 0.1999, -0.0121]
[19:44:35.129]   Scale: 1.0000
[19:44:35.129] Component: Arm_link-2/Arm_link_tube-1
[19:44:35.129]   Parent: Arm_link-2
[19:44:35.129]   Rotation Row1: [-0.9533, 0.0000, -0.3020]
[19:44:35.129]   Rotation Row2: [-0.2991, -0.1379, 0.9442]
[19:44:35.129]   Rotation Row3: [-0.0416, 0.9904, 0.1315]
[19:44:35.129]   Translation: [0.0036, 0.1999, -0.0121]
[19:44:35.134]   Scale: 1.0000
[19:44:35.134]   Body: Cut-Extrude2, UnitFactor: 0.0254
[19:44:35.135]     Vertices: 1992
[19:44:35.136]     BBox Min: [-0.0254, 0.0000, -0.0254]
[19:44:35.136]     BBox Max: [0.0254, 0.1588, 0.0254]
[19:44:35.136]     BBox Size: [0.0508, 0.1588, 0.0508]
[19:44:35.139] Component: Arm_link-2/Arm_brace-3
[19:44:35.139]   Parent: Arm_link-2
[19:44:35.140]   Rotation Row1: [0.2991, 0.1379, -0.9442]
[19:44:35.140]   Rotation Row2: [0.9533, 0.0000, 0.3020]
[19:44:35.140]   Rotation Row3: [0.0416, -0.9904, -0.1315]
[19:44:35.140]   Translation: [0.0162, 0.1961, 0.0208]
[19:44:35.142]   Scale: 1.0000
[19:44:35.142]   Body: Fillet4, UnitFactor: 0.0254
[19:44:35.144]     Vertices: 5010
[19:44:35.144]     BBox Min: [0.0019, 0.0000, -0.0127]
[19:44:35.145]     BBox Max: [0.0508, 0.0085, 0.0127]
[19:44:35.145]     BBox Size: [0.0489, 0.0085, 0.0254]
[19:44:35.147] Component: Arm_link-2/Arm_brace-4
[19:44:35.147]   Parent: Arm_link-2
[19:44:35.147]   Rotation Row1: [0.2991, 0.1379, -0.9442]
[19:44:35.147]   Rotation Row2: [-0.9533, 0.0000, -0.3020]
[19:44:35.147]   Rotation Row3: [-0.0416, 0.9904, 0.1315]
[19:44:35.149]   Translation: [-0.0257, 0.1961, 0.0075]
[19:44:35.149]   Scale: 1.0000
[19:44:35.150]   Body: Fillet4, UnitFactor: 0.0254
[19:44:35.152]     Vertices: 5010
[19:44:35.152]     BBox Min: [0.0019, 0.0000, -0.0127]
[19:44:35.152]     BBox Max: [0.0508, 0.0085, 0.0127]
[19:44:35.152]     BBox Size: [0.0489, 0.0085, 0.0254]
[19:44:35.154] Component: Arm_link-2/Arm_brace-2
[19:44:35.154]   Parent: Arm_link-2
[19:44:35.154]   Rotation Row1: [-0.2991, -0.1379, 0.9442]
[19:44:35.154]   Rotation Row2: [0.0416, -0.9904, -0.1315]
[19:44:35.156]   Rotation Row3: [0.9533, 0.0000, 0.3020]
[19:44:35.156]   Translation: [-0.0316, 0.1615, 0.0990]
[19:44:35.156]   Scale: 1.0000
[19:44:35.158]   Body: Fillet4, UnitFactor: 0.0254
[19:44:35.159]     Vertices: 5010
[19:44:35.159]     BBox Min: [0.0019, 0.0000, -0.0127]
[19:44:35.161]     BBox Max: [0.0508, 0.0085, 0.0127]
[19:44:35.161]     BBox Size: [0.0489, 0.0085, 0.0254]
[19:44:35.161] Component: Arm_link-2/Arm_brace-1
[19:44:35.163]   Parent: Arm_link-2
[19:44:35.163]   Rotation Row1: [-0.2991, -0.1379, 0.9442]
[19:44:35.163]   Rotation Row2: [-0.0416, 0.9904, 0.1315]
[19:44:35.163]   Rotation Row3: [-0.9533, 0.0000, -0.3020]
[19:44:35.163]   Translation: [-0.0334, 0.2050, 0.1048]
[19:44:35.165]   Scale: 1.0000
[19:44:35.165]   Body: Fillet4, UnitFactor: 0.0254
[19:44:35.167]     Vertices: 5010
[19:44:35.169]     BBox Min: [0.0019, 0.0000, -0.0127]
[19:44:35.170]     BBox Max: [0.0508, 0.0085, 0.0127]
[19:44:35.170]     BBox Size: [0.0489, 0.0085, 0.0254]
[19:44:35.172] Component: Arm_link-2/Skin Link-1
[19:44:35.172]   Parent: Arm_link-2
[19:44:35.172]   Rotation Row1: [-0.0416, 0.9904, 0.1315]
[19:44:35.172]   Rotation Row2: [0.2991, 0.1379, -0.9442]
[19:44:35.174]   Rotation Row3: [-0.9533, 0.0000, -0.3020]
[19:44:35.174]   Translation: [-0.0510, 0.1747, 0.1603]
[19:44:35.175]   Scale: 1.0000
[19:44:35.175]   Body: Cut-Extrude2, UnitFactor: 0.0254
[19:44:35.177]     Vertices: 1080
[19:44:35.177]     BBox Min: [-0.0305, 0.0006, -0.0305]
[19:44:35.177]     BBox Max: [0.0305, 0.1841, 0.0305]
[19:44:35.178]     BBox Size: [0.0610, 0.1835, 0.0610]
[19:44:35.180] Component: Arm_link-3
[19:44:35.180]   Parent: (ROOT)
[19:44:35.180]   Rotation Row1: [-0.0416, 0.9904, 0.1315]
[19:44:35.180]   Rotation Row2: [-0.8173, 0.0419, -0.5747]
[19:44:35.180]   Rotation Row3: [-0.5748, -0.1314, 0.8077]
[19:44:35.182]   Translation: [-0.0594, 0.1778, 0.1343]
[19:44:35.182]   Scale: 1.0000
[19:44:35.182] Component: Arm_link-3/Arm_link_tube-1
[19:44:35.184]   Parent: Arm_link-3
[19:44:35.184]   Rotation Row1: [-0.0416, 0.9904, 0.1315]
[19:44:35.184]   Rotation Row2: [-0.8173, 0.0419, -0.5747]
[19:44:35.185]   Rotation Row3: [-0.5748, -0.1314, 0.8077]
[19:44:35.185]   Translation: [-0.0594, 0.1778, 0.1343]
[19:44:35.185]   Scale: 1.0000
[19:44:35.188]   Body: Cut-Extrude2, UnitFactor: 0.0254
[19:44:35.188]     Vertices: 1992
[19:44:35.188]     BBox Min: [-0.0254, 0.0000, -0.0254]
[19:44:35.190]     BBox Max: [0.0254, 0.1588, 0.0254]
[19:44:35.190]     BBox Size: [0.0508, 0.1588, 0.0508]
[19:44:35.191] Component: Arm_link-3/Arm_brace-3
[19:44:35.192]   Parent: Arm_link-3
[19:44:35.192]   Rotation Row1: [0.8173, -0.0419, 0.5747]
[19:44:35.192]   Rotation Row2: [0.0416, -0.9904, -0.1315]
[19:44:35.194]   Rotation Row3: [0.5748, 0.1314, -0.8077]
[19:44:35.194]   Translation: [-0.0812, 0.1572, 0.1154]
[19:44:35.195]   Scale: 1.0000
[19:44:35.195]   Body: Fillet4, UnitFactor: 0.0254
[19:44:35.196]     Vertices: 5010
[19:44:35.198]     BBox Min: [0.0019, 0.0000, -0.0127]
[19:44:35.198]     BBox Max: [0.0508, 0.0085, 0.0127]
[19:44:35.198]     BBox Size: [0.0489, 0.0085, 0.0254]
[19:44:35.200] Component: Arm_link-3/Arm_brace-4
[19:44:35.200]   Parent: Arm_link-3
[19:44:35.200]   Rotation Row1: [0.8173, -0.0419, 0.5747]
[19:44:35.200]   Rotation Row2: [-0.0416, 0.9904, 0.1315]
[19:44:35.200]   Rotation Row3: [-0.5748, -0.1314, 0.8077]
[19:44:35.202]   Translation: [-0.0830, 0.2008, 0.1212]
[19:44:35.202]   Scale: 1.0000
[19:44:35.202]   Body: Fillet4, UnitFactor: 0.0254
[19:44:35.204]     Vertices: 5010
[19:44:35.204]     BBox Min: [0.0019, 0.0000, -0.0127]
[19:44:35.206]     BBox Max: [0.0508, 0.0085, 0.0127]
[19:44:35.206]     BBox Size: [0.0489, 0.0085, 0.0254]
[19:44:35.208] Component: Arm_link-3/Arm_brace-2
[19:44:35.208]   Parent: Arm_link-3
[19:44:35.208]   Rotation Row1: [-0.8173, 0.0419, -0.5747]
[19:44:35.211]   Rotation Row2: [0.5748, 0.1314, -0.8077]
[19:44:35.211]   Rotation Row3: [0.0416, -0.9904, -0.1315]
[19:44:35.211]   Translation: [-0.1454, 0.1858, 0.0471]
[19:44:35.213]   Scale: 1.0000
[19:44:35.213]   Body: Fillet4, UnitFactor: 0.0254
[19:44:35.216]     Vertices: 5010
[19:44:35.217]     BBox Min: [0.0019, 0.0000, -0.0127]
[19:44:35.218]     BBox Max: [0.0508, 0.0085, 0.0127]
[19:44:35.218]     BBox Size: [0.0489, 0.0085, 0.0254]
[19:44:35.219] Component: Arm_link-3/Arm_brace-1
[19:44:35.219]   Parent: Arm_link-3
[19:44:35.221]   Rotation Row1: [-0.8173, 0.0419, -0.5747]
[19:44:35.221]   Rotation Row2: [-0.5748, -0.1314, 0.8077]
[19:44:35.221]   Rotation Row3: [-0.0416, 0.9904, 0.1315]
[19:44:35.221]   Translation: [-0.1707, 0.1800, 0.0827]
[19:44:35.223]   Scale: 1.0000
[19:44:35.224]   Body: Fillet4, UnitFactor: 0.0254
[19:44:35.225]     Vertices: 5010
[19:44:35.227]     BBox Min: [0.0019, 0.0000, -0.0127]
[19:44:35.227]     BBox Max: [0.0508, 0.0085, 0.0127]
[19:44:35.227]     BBox Size: [0.0489, 0.0085, 0.0254]
[19:44:35.229] Component: Arm_link-3/Skin Link-1
[19:44:35.229]   Parent: Arm_link-3
[19:44:35.229]   Rotation Row1: [-0.5748, -0.1314, 0.8077]
[19:44:35.229]   Rotation Row2: [0.8173, -0.0419, 0.5747]
[19:44:35.232]   Rotation Row3: [-0.0416, 0.9904, 0.1315]
[19:44:35.234]   Translation: [-0.2086, 0.1855, 0.0293]
[19:44:35.235]   Scale: 1.0000
[19:44:35.255]   Body: Cut-Extrude2, UnitFactor: 0.0254
[19:44:35.255]     Vertices: 1080
[19:44:35.259]     BBox Min: [-0.0305, 0.0006, -0.0305]
[19:44:35.261]     BBox Max: [0.0305, 0.1841, 0.0305]
[19:44:35.261]     BBox Size: [0.0610, 0.1835, 0.0610]
