=== SolidLink Diagnostic Log ===
Started: 1/6/2026 7:23:41 PM

[19:23:41.541] ========== TREE EXTRACTION START ==========
[19:23:41.541] Model: Arm_link.SLDASM
[19:23:41.543] Type: ASSEMBLY
[19:23:41.555] Component: Arm_link
[19:23:41.555]   Parent: (ROOT)
[19:23:41.555]   Transform: (null or incomplete)
[19:23:41.562] Component: Arm_brace-1
[19:23:41.562]   Parent: (ROOT)
[19:23:41.562]   Rotation Row1: [0.0000, 1.0000, 0.0000]
[19:23:41.562]   Rotation Row2: [0.0000, 0.0000, 1.0000]
[19:23:41.562]   Rotation Row3: [1.0000, 0.0000, 0.0000]
[19:23:41.562]   Translation: [0.0000, 0.1207, 0.0220]
[19:23:41.565]   Scale: 1.0000
[19:23:41.575]   Body: Fillet4, UnitFactor: 0.0254
[19:23:41.582]     Vertices: 5010
[19:23:41.582]     BBox Min: [0.0019, 0.0000, -0.0127]
[19:23:41.584]     BBox Max: [0.0508, 0.0085, 0.0127]
[19:23:41.585]     BBox Size: [0.0489, 0.0085, 0.0254]
[19:23:41.590] Component: Arm_link_tube-1
[19:23:41.590]   Parent: (ROOT)
[19:23:41.590]   Rotation Row1: [1.0000, 0.0000, 0.0000]
[19:23:41.592]   Rotation Row2: [0.0000, 1.0000, 0.0000]
[19:23:41.592]   Rotation Row3: [0.0000, 0.0000, 1.0000]
[19:23:41.592]   Translation: [0.0000, 0.0000, 0.0000]
[19:23:41.592]   Scale: 1.0000
[19:23:41.595]   Body: Cut-Extrude2, UnitFactor: 0.0254
[19:23:41.596]     Vertices: 1992
[19:23:41.596]     BBox Min: [-0.0254, 0.0000, -0.0254]
[19:23:41.596]     BBox Max: [0.0254, 0.1588, 0.0254]
[19:23:41.596]     BBox Size: [0.0508, 0.1588, 0.0508]
[19:23:41.598] Component: Arm_brace-3
[19:23:41.598]   Parent: (ROOT)
[19:23:41.599]   Rotation Row1: [0.0000, -1.0000, 0.0000]
[19:23:41.599]   Rotation Row2: [-1.0000, 0.0000, 0.0000]
[19:23:41.599]   Rotation Row3: [0.0000, 0.0000, -1.0000]
[19:23:41.599]   Translation: [-0.0220, 0.0278, 0.0000]
[19:23:41.601]   Scale: 1.0000
[19:23:41.601] Component: Arm_brace-4
[19:23:41.601]   Parent: (ROOT)
[19:23:41.603]   Rotation Row1: [0.0000, -1.0000, 0.0000]
[19:23:41.603]   Rotation Row2: [1.0000, 0.0000, 0.0000]
[19:23:41.603]   Rotation Row3: [0.0000, 0.0000, 1.0000]
[19:23:41.603]   Translation: [0.0220, 0.0278, 0.0000]
[19:23:41.603]   Scale: 1.0000
[19:23:41.603] Component: Skin Link-1
[19:23:41.603]   Parent: (ROOT)
[19:23:41.603]   Rotation Row1: [0.0000, 0.0000, 1.0000]
[19:23:41.603]   Rotation Row2: [0.0000, -1.0000, 0.0000]
[19:23:41.603]   Rotation Row3: [1.0000, 0.0000, 0.0000]
[19:23:41.603]   Translation: [0.0000, 0.1826, 0.0000]
[19:23:41.608]   Scale: 1.0000
[19:23:41.608]   Body: Cut-Extrude2, UnitFactor: 0.0254
[19:23:41.619]     Vertices: 1080
[19:23:41.621]     BBox Min: [-0.0305, 0.0006, -0.0305]
[19:23:41.621]     BBox Max: [0.0305, 0.1841, 0.0305]
[19:23:41.621]     BBox Size: [0.0610, 0.1835, 0.0610]
[19:23:41.625] Component: Arm_brace-2
[19:23:41.625]   Parent: (ROOT)
[19:23:41.625]   Rotation Row1: [0.0000, 1.0000, 0.0000]
[19:23:41.626]   Rotation Row2: [0.0000, 0.0000, -1.0000]
[19:23:41.626]   Rotation Row3: [-1.0000, 0.0000, 0.0000]
[19:23:41.626]   Translation: [0.0000, 0.1207, -0.0220]
[19:23:41.626]   Scale: 1.0000
[19:23:41.626]   Body: Fillet4, UnitFactor: 0.0254
[19:23:41.629]     Vertices: 5010
[19:23:41.630]     BBox Min: [0.0019, 0.0000, -0.0127]
[19:23:41.630]     BBox Max: [0.0508, 0.0085, 0.0127]
[19:23:41.630]     BBox Size: [0.0489, 0.0085, 0.0254]
[19:27:38.184] ========== TREE EXTRACTION START ==========
[19:27:38.187] Model: ORIGINAL_3_DOF_ARM.SLDASM
[19:27:38.187] Type: ASSEMBLY
[19:27:38.189] Component: ORIGINAL_3_DOF_ARM
[19:27:38.189]   Parent: (ROOT)
[19:27:38.191]   Transform: (null or incomplete)
[19:27:38.192] Component: Arm_link-2
[19:27:38.192]   Parent: (ROOT)
[19:27:38.194]   Rotation Row1: [-0.9533, 0.0000, -0.3020]
[19:27:38.195]   Rotation Row2: [-0.2991, -0.1379, 0.9442]
[19:27:38.196]   Rotation Row3: [-0.0416, 0.9904, 0.1315]
[19:27:38.196]   Translation: [0.0036, 0.1999, -0.0121]
[19:27:38.199]   Scale: 1.0000
[19:27:38.203] Component: Arm_link-2/Arm_brace-2
[19:27:38.203]   Parent: Arm_link-2
[19:27:38.205]   Rotation Row1: [-0.2991, -0.1379, 0.9442]
[19:27:38.207]   Rotation Row2: [0.0416, -0.9904, -0.1315]
[19:27:38.209]   Rotation Row3: [0.9533, 0.0000, 0.3020]
[19:27:38.210]   Translation: [-0.0316, 0.1615, 0.0990]
[19:27:38.211]   Scale: 1.0000
[19:27:38.211]   Body: Fillet4, UnitFactor: 0.0254
[19:27:38.216]     Vertices: 5010
[19:27:38.218]     BBox Min: [0.0019, 0.0000, -0.0127]
[19:27:38.218]     BBox Max: [0.0508, 0.0085, 0.0127]
[19:27:38.218]     BBox Size: [0.0489, 0.0085, 0.0254]
[19:27:38.221] Component: Arm_link-2/Arm_brace-1
[19:27:38.223]   Parent: Arm_link-2
[19:27:38.223]   Rotation Row1: [-0.2991, -0.1379, 0.9442]
[19:27:38.224]   Rotation Row2: [-0.0416, 0.9904, 0.1315]
[19:27:38.225]   Rotation Row3: [-0.9533, 0.0000, -0.3020]
[19:27:38.226]   Translation: [-0.0334, 0.2050, 0.1048]
[19:27:38.226]   Scale: 1.0000
[19:27:38.227]   Body: Fillet4, UnitFactor: 0.0254
[19:27:38.230]     Vertices: 5010
[19:27:38.233]     BBox Min: [0.0019, 0.0000, -0.0127]
[19:27:38.235]     BBox Max: [0.0508, 0.0085, 0.0127]
[19:27:38.236]     BBox Size: [0.0489, 0.0085, 0.0254]
[19:27:38.237] Component: Arm_link-2/Arm_brace-3
[19:27:38.237]   Parent: Arm_link-2
[19:27:38.239]   Rotation Row1: [0.2991, 0.1379, -0.9442]
[19:27:38.241]   Rotation Row2: [0.9533, 0.0000, 0.3020]
[19:27:38.241]   Rotation Row3: [0.0416, -0.9904, -0.1315]
[19:27:38.241]   Translation: [0.0162, 0.1961, 0.0208]
[19:27:38.241]   Scale: 1.0000
[19:27:38.241]   Body: Fillet4, UnitFactor: 0.0254
[19:27:38.246]     Vertices: 5010
[19:27:38.247]     BBox Min: [0.0019, 0.0000, -0.0127]
[19:27:38.249]     BBox Max: [0.0508, 0.0085, 0.0127]
[19:27:38.251]     BBox Size: [0.0489, 0.0085, 0.0254]
[19:27:38.254] Component: Arm_link-2/Arm_brace-4
[19:27:38.254]   Parent: Arm_link-2
[19:27:38.254]   Rotation Row1: [0.2991, 0.1379, -0.9442]
[19:27:38.254]   Rotation Row2: [-0.9533, 0.0000, -0.3020]
[19:27:38.256]   Rotation Row3: [-0.0416, 0.9904, 0.1315]
[19:27:38.256]   Translation: [-0.0257, 0.1961, 0.0075]
[19:27:38.256]   Scale: 1.0000
[19:27:38.258]   Body: Fillet4, UnitFactor: 0.0254
[19:27:38.261]     Vertices: 5010
[19:27:38.261]     BBox Min: [0.0019, 0.0000, -0.0127]
[19:27:38.262]     BBox Max: [0.0508, 0.0085, 0.0127]
[19:27:38.264]     BBox Size: [0.0489, 0.0085, 0.0254]
[19:27:38.266] Component: Arm_link-2/Arm_link_tube-1
[19:27:38.268]   Parent: Arm_link-2
[19:27:38.269]   Rotation Row1: [-0.9533, 0.0000, -0.3020]
[19:27:38.271]   Rotation Row2: [-0.2991, -0.1379, 0.9442]
[19:27:38.271]   Rotation Row3: [-0.0416, 0.9904, 0.1315]
[19:27:38.271]   Translation: [0.0036, 0.1999, -0.0121]
[19:27:38.271]   Scale: 1.0000
[19:27:38.275]   Body: Cut-Extrude2, UnitFactor: 0.0254
[19:27:38.276]     Vertices: 1992
[19:27:38.276]     BBox Min: [-0.0254, 0.0000, -0.0254]
[19:27:38.276]     BBox Max: [0.0254, 0.1588, 0.0254]
[19:27:38.279]     BBox Size: [0.0508, 0.1588, 0.0508]
[19:27:38.283] Component: Arm_link-2/Skin Link-1
[19:27:38.284]   Parent: Arm_link-2
[19:27:38.285]   Rotation Row1: [-0.0416, 0.9904, 0.1315]
[19:27:38.285]   Rotation Row2: [0.2991, 0.1379, -0.9442]
[19:27:38.288]   Rotation Row3: [-0.9533, 0.0000, -0.3020]
[19:27:38.289]   Translation: [-0.0510, 0.1747, 0.1603]
[19:27:38.290]   Scale: 1.0000
[19:27:38.291]   Body: Cut-Extrude2, UnitFactor: 0.0254
[19:27:38.293]     Vertices: 1080
[19:27:38.293]     BBox Min: [-0.0305, 0.0006, -0.0305]
[19:27:38.295]     BBox Max: [0.0305, 0.1841, 0.0305]
[19:27:38.296]     BBox Size: [0.0610, 0.1835, 0.0610]
[19:27:38.300] Component: Arm_link-3
[19:27:38.300]   Parent: (ROOT)
[19:27:38.300]   Rotation Row1: [-0.0416, 0.9904, 0.1315]
[19:27:38.303]   Rotation Row2: [-0.8173, 0.0419, -0.5747]
[19:27:38.303]   Rotation Row3: [-0.5748, -0.1314, 0.8077]
[19:27:38.305]   Translation: [-0.0594, 0.1778, 0.1343]
[19:27:38.305]   Scale: 1.0000
[19:27:38.305] Component: Arm_link-3/Arm_brace-2
[19:27:38.307]   Parent: Arm_link-3
[19:27:38.308]   Rotation Row1: [-0.8173, 0.0419, -0.5747]
[19:27:38.308]   Rotation Row2: [0.5748, 0.1314, -0.8077]
[19:27:38.308]   Rotation Row3: [0.0416, -0.9904, -0.1315]
[19:27:38.308]   Translation: [-0.1454, 0.1858, 0.0471]
[19:27:38.311]   Scale: 1.0000
[19:27:38.311]   Body: Fillet4, UnitFactor: 0.0254
[19:27:38.316]     Vertices: 5010
[19:27:38.316]     BBox Min: [0.0019, 0.0000, -0.0127]
[19:27:38.318]     BBox Max: [0.0508, 0.0085, 0.0127]
[19:27:38.320]     BBox Size: [0.0489, 0.0085, 0.0254]
[19:27:38.322] Component: Arm_link-3/Arm_brace-1
[19:27:38.322]   Parent: Arm_link-3
[19:27:38.322]   Rotation Row1: [-0.8173, 0.0419, -0.5747]
[19:27:38.325]   Rotation Row2: [-0.5748, -0.1314, 0.8077]
[19:27:38.325]   Rotation Row3: [-0.0416, 0.9904, 0.1315]
[19:27:38.326]   Translation: [-0.1707, 0.1800, 0.0827]
[19:27:38.326]   Scale: 1.0000
[19:27:38.329]   Body: Fillet4, UnitFactor: 0.0254
[19:27:38.333]     Vertices: 5010
[19:27:38.334]     BBox Min: [0.0019, 0.0000, -0.0127]
[19:27:38.334]     BBox Max: [0.0508, 0.0085, 0.0127]
[19:27:38.336]     BBox Size: [0.0489, 0.0085, 0.0254]
[19:27:38.336] Component: Arm_link-3/Arm_brace-3
[19:27:38.336]   Parent: Arm_link-3
[19:27:38.339]   Rotation Row1: [0.8173, -0.0419, 0.5747]
[19:27:38.340]   Rotation Row2: [0.0416, -0.9904, -0.1315]
[19:27:38.340]   Rotation Row3: [0.5748, 0.1314, -0.8077]
[19:27:38.340]   Translation: [-0.0812, 0.1572, 0.1154]
[19:27:38.343]   Scale: 1.0000
[19:27:38.345]   Body: Fillet4, UnitFactor: 0.0254
[19:27:38.348]     Vertices: 5010
[19:27:38.350]     BBox Min: [0.0019, 0.0000, -0.0127]
[19:27:38.350]     BBox Max: [0.0508, 0.0085, 0.0127]
[19:27:38.352]     BBox Size: [0.0489, 0.0085, 0.0254]
[19:27:38.353] Component: Arm_link-3/Arm_brace-4
[19:27:38.355]   Parent: Arm_link-3
[19:27:38.355]   Rotation Row1: [0.8173, -0.0419, 0.5747]
[19:27:38.355]   Rotation Row2: [-0.0416, 0.9904, 0.1315]
[19:27:38.355]   Rotation Row3: [-0.5748, -0.1314, 0.8077]
[19:27:38.360]   Translation: [-0.0830, 0.2008, 0.1212]
[19:27:38.360]   Scale: 1.0000
[19:27:38.361]   Body: Fillet4, UnitFactor: 0.0254
[19:27:38.368]     Vertices: 5010
[19:27:38.369]     BBox Min: [0.0019, 0.0000, -0.0127]
[19:27:38.369]     BBox Max: [0.0508, 0.0085, 0.0127]
[19:27:38.371]     BBox Size: [0.0489, 0.0085, 0.0254]
[19:27:38.374] Component: Arm_link-3/Arm_link_tube-1
[19:27:38.375]   Parent: Arm_link-3
[19:27:38.375]   Rotation Row1: [-0.0416, 0.9904, 0.1315]
[19:27:38.376]   Rotation Row2: [-0.8173, 0.0419, -0.5747]
[19:27:38.376]   Rotation Row3: [-0.5748, -0.1314, 0.8077]
[19:27:38.376]   Translation: [-0.0594, 0.1778, 0.1343]
[19:27:38.376]   Scale: 1.0000
[19:27:38.380]   Body: Cut-Extrude2, UnitFactor: 0.0254
[19:27:38.384]     Vertices: 1992
[19:27:38.385]     BBox Min: [-0.0254, 0.0000, -0.0254]
[19:27:38.386]     BBox Max: [0.0254, 0.1588, 0.0254]
[19:27:38.388]     BBox Size: [0.0508, 0.1588, 0.0508]
[19:27:38.389] Component: Arm_link-3/Skin Link-1
[19:27:38.391]   Parent: Arm_link-3
[19:27:38.391]   Rotation Row1: [-0.5748, -0.1314, 0.8077]
[19:27:38.391]   Rotation Row2: [0.8173, -0.0419, 0.5747]
[19:27:38.391]   Rotation Row3: [-0.0416, 0.9904, 0.1315]
[19:27:38.395]   Translation: [-0.2086, 0.1855, 0.0293]
[19:27:38.396]   Scale: 1.0000
[19:27:38.397]   Body: Cut-Extrude2, UnitFactor: 0.0254
[19:27:38.398]     Vertices: 1080
[19:27:38.400]     BBox Min: [-0.0305, 0.0006, -0.0305]
[19:27:38.402]     BBox Max: [0.0305, 0.1841, 0.0305]
[19:27:38.403]     BBox Size: [0.0610, 0.1835, 0.0610]
[19:27:38.405] Component: Arm_link-1
[19:27:38.405]   Parent: (ROOT)
[19:27:38.405]   Rotation Row1: [-0.3020, 0.0000, 0.9533]
[19:27:38.407]   Rotation Row2: [0.0000, 1.0000, 0.0000]
[19:27:38.407]   Rotation Row3: [-0.9533, 0.0000, -0.3020]
[19:27:38.409]   Translation: [0.0086, 0.0371, -0.0278]
[19:27:38.409]   Scale: 1.0000
[19:27:38.411] Component: Arm_link-1/Arm_brace-1
[19:27:38.411]   Parent: Arm_link-1
[19:27:38.411]   Rotation Row1: [0.0000, 1.0000, 0.0000]
[19:27:38.413]   Rotation Row2: [-0.9533, 0.0000, -0.3020]
[19:27:38.414]   Rotation Row3: [-0.3020, 0.0000, 0.9533]
[19:27:38.416]   Translation: [-0.0124, 0.1577, -0.0344]
[19:27:38.416]   Scale: 1.0000
[19:27:38.419]   Body: Fillet4, UnitFactor: 0.0254
[19:27:38.423]     Vertices: 5010
[19:27:38.425]     BBox Min: [0.0019, 0.0000, -0.0127]
[19:27:38.425]     BBox Max: [0.0508, 0.0085, 0.0127]
[19:27:38.426]     BBox Size: [0.0489, 0.0085, 0.0254]
[19:27:38.446] Component: Arm_link-1/Arm_link_tube-1
[19:27:38.447]   Parent: Arm_link-1
[19:27:38.450]   Rotation Row1: [-0.3020, 0.0000, 0.9533]
[19:27:38.450]   Rotation Row2: [0.0000, 1.0000, 0.0000]
[19:27:38.452]   Rotation Row3: [-0.9533, 0.0000, -0.3020]
[19:27:38.452]   Translation: [0.0086, 0.0371, -0.0278]
[19:27:38.452]   Scale: 1.0000
[19:27:38.452]   Body: Cut-Extrude2, UnitFactor: 0.0254
[19:27:38.452]     Vertices: 1992
[19:27:38.452]     BBox Min: [-0.0254, 0.0000, -0.0254]
[19:27:38.452]     BBox Max: [0.0254, 0.1588, 0.0254]
[19:27:38.459]     BBox Size: [0.0508, 0.1588, 0.0508]
[19:27:38.461] Component: Arm_link-1/Arm_brace-3
[19:27:38.461]   Parent: Arm_link-1
[19:27:38.461]   Rotation Row1: [0.0000, -1.0000, 0.0000]
[19:27:38.464]   Rotation Row2: [0.3020, 0.0000, -0.9533]
[19:27:38.466]   Rotation Row3: [0.9533, 0.0000, 0.3020]
[19:27:38.466]   Translation: [0.0152, 0.0649, -0.0488]
[19:27:38.468]   Scale: 1.0000
[19:27:38.470] Component: Arm_link-1/Arm_brace-4
[19:27:38.471]   Parent: Arm_link-1
[19:27:38.471]   Rotation Row1: [0.0000, -1.0000, 0.0000]
[19:27:38.471]   Rotation Row2: [-0.3020, 0.0000, 0.9533]
[19:27:38.474]   Rotation Row3: [-0.9533, 0.0000, -0.3020]
[19:27:38.474]   Translation: [0.0019, 0.0649, -0.0068]
[19:27:38.475]   Scale: 1.0000
[19:27:38.475] Component: Arm_link-1/Skin Link-1
[19:27:38.477]   Parent: Arm_link-1
[19:27:38.477]   Rotation Row1: [-0.9533, 0.0000, -0.3020]
[19:27:38.477]   Rotation Row2: [0.0000, -1.0000, 0.0000]
[19:27:38.479]   Rotation Row3: [-0.3020, 0.0000, 0.9533]
[19:27:38.479]   Translation: [0.0086, 0.2197, -0.0278]
[19:27:38.483]   Scale: 1.0000
[19:27:38.485]   Body: Cut-Extrude2, UnitFactor: 0.0254
[19:27:38.487]     Vertices: 1080
[19:27:38.487]     BBox Min: [-0.0305, 0.0006, -0.0305]
[19:27:38.487]     BBox Max: [0.0305, 0.1841, 0.0305]
[19:27:38.490]     BBox Size: [0.0610, 0.1835, 0.0610]
[19:27:38.490] Component: Arm_link-1/Arm_brace-2
[19:27:38.490]   Parent: Arm_link-1
[19:27:38.490]   Rotation Row1: [0.0000, 1.0000, 0.0000]
[19:27:38.490]   Rotation Row2: [0.9533, 0.0000, 0.3020]
[19:27:38.490]   Rotation Row3: [0.3020, 0.0000, -0.9533]
[19:27:38.495]   Translation: [0.0295, 0.1577, -0.0211]
[19:27:38.496]   Scale: 1.0000
[19:27:38.497]   Body: Fillet4, UnitFactor: 0.0254
[19:27:38.500]     Vertices: 5010
[19:27:38.501]     BBox Min: [0.0019, 0.0000, -0.0127]
[19:27:38.502]     BBox Max: [0.0508, 0.0085, 0.0127]
[19:27:38.502]     BBox Size: [0.0489, 0.0085, 0.0254]
[19:27:38.502] Component: Arm_base-1
[19:27:38.502]   Parent: (ROOT)
[19:27:38.502]   Rotation Row1: [1.0000, 0.0000, 0.0000]
[19:27:38.502]   Rotation Row2: [0.0000, 1.0000, 0.0000]
[19:27:38.502]   Rotation Row3: [0.0000, 0.0000, 1.0000]
[19:27:38.509]   Translation: [0.0086, 0.0345, -0.0278]
[19:27:38.509]   Scale: 1.0000
[19:27:38.511]   Body: Boss-Extrude2, UnitFactor: 0.0254
[19:27:38.518]     Vertices: 1464
[19:27:38.519]     BBox Min: [-0.0635, 0.0000, -0.0635]
[19:27:38.519]     BBox Max: [0.0635, 0.0152, 0.0635]
[19:27:38.521]     BBox Size: [0.1269, 0.0152, 0.1270]
