=== SolidLink Diagnostic Log ===
Started: 1/6/2026 7:15:24 PM

[19:15:24.063] ========== TREE EXTRACTION START ==========
[19:15:24.063] Model: Arm_link.SLDASM
[19:15:24.063] Type: ASSEMBLY
[19:15:24.085] Component: Arm_link
[19:15:24.086]   Parent: (ROOT)
[19:15:24.086]   Transform: (null or incomplete)
[19:15:24.092] Component: Skin Link-1
[19:15:24.092]   Parent: (ROOT)
[19:15:24.095]   Rotation Row1: [0.0000, 0.0000, 1.0000]
[19:15:24.095]   Rotation Row2: [0.0000, -1.0000, 0.0000]
[19:15:24.096]   Rotation Row3: [1.0000, 0.0000, 0.0000]
[19:15:24.096]   Translation: [0.0000, 0.1826, 0.0000]
[19:15:24.096]   Scale: 1.0000
[19:15:24.114]   Body: Cut-Extrude2, UnitFactor: 0.0254
[19:15:24.129]     Vertices: 1080
[19:15:24.129]     BBox Min: [-0.0008, 0.0000, -0.0008]
[19:15:24.129]     BBox Max: [0.0008, 0.0047, 0.0008]
[19:15:24.129]     BBox Size: [0.0015, 0.0047, 0.0015]
[19:15:24.139] Component: Arm_link_tube-1
[19:15:24.139]   Parent: (ROOT)
[19:15:24.140]   Rotation Row1: [1.0000, 0.0000, 0.0000]
[19:15:24.140]   Rotation Row2: [0.0000, 1.0000, 0.0000]
[19:15:24.141]   Rotation Row3: [0.0000, 0.0000, 1.0000]
[19:15:24.141]   Translation: [0.0000, 0.0000, 0.0000]
[19:15:24.141]   Scale: 1.0000
[19:15:24.142]   Body: Cut-Extrude2, UnitFactor: 0.0254
[19:15:24.142]     Vertices: 1992
[19:15:24.145]     BBox Min: [-0.0006, 0.0000, -0.0006]
[19:15:24.145]     BBox Max: [0.0006, 0.0040, 0.0006]
[19:15:24.145]     BBox Size: [0.0013, 0.0040, 0.0013]
[19:15:24.145] Component: Arm_brace-1
[19:15:24.145]   Parent: (ROOT)
[19:15:24.147]   Rotation Row1: [0.0000, 1.0000, 0.0000]
[19:15:24.147]   Rotation Row2: [0.0000, 0.0000, 1.0000]
[19:15:24.147]   Rotation Row3: [1.0000, 0.0000, 0.0000]
[19:15:24.147]   Translation: [0.0000, 0.1207, 0.0220]
[19:15:24.147]   Scale: 1.0000
[19:15:24.147]   Body: Fillet4, UnitFactor: 0.0254
[19:15:24.149]     Vertices: 5010
[19:15:24.149]     BBox Min: [0.0000, 0.0000, -0.0003]
[19:15:24.149]     BBox Max: [0.0013, 0.0002, 0.0003]
[19:15:24.149]     BBox Size: [0.0012, 0.0002, 0.0006]
[19:15:24.149] Component: Arm_brace-2
[19:15:24.149]   Parent: (ROOT)
[19:15:24.149]   Rotation Row1: [0.0000, 1.0000, 0.0000]
[19:15:24.149]   Rotation Row2: [0.0000, 0.0000, -1.0000]
[19:15:24.149]   Rotation Row3: [-1.0000, 0.0000, 0.0000]
[19:15:24.149]   Translation: [0.0000, 0.1207, -0.0220]
[19:15:24.149]   Scale: 1.0000
[19:15:24.149]   Body: Fillet4, UnitFactor: 0.0254
[19:15:24.149]     Vertices: 5010
[19:15:24.155]     BBox Min: [0.0000, 0.0000, -0.0003]
[19:15:24.155]     BBox Max: [0.0013, 0.0002, 0.0003]
[19:15:24.155]     BBox Size: [0.0012, 0.0002, 0.0006]
[19:15:24.155] Component: Arm_brace-3
[19:15:24.158]   Parent: (ROOT)
[19:15:24.158]   Rotation Row1: [0.0000, -1.0000, 0.0000]
[19:15:24.159]   Rotation Row2: [-1.0000, 0.0000, 0.0000]
[19:15:24.159]   Rotation Row3: [0.0000, 0.0000, -1.0000]
[19:15:24.159]   Translation: [-0.0220, 0.0278, 0.0000]
[19:15:24.159]   Scale: 1.0000
[19:15:24.159] Component: Arm_brace-4
[19:15:24.160]   Parent: (ROOT)
[19:15:24.160]   Rotation Row1: [0.0000, -1.0000, 0.0000]
[19:15:24.160]   Rotation Row2: [1.0000, 0.0000, 0.0000]
[19:15:24.160]   Rotation Row3: [0.0000, 0.0000, 1.0000]
[19:15:24.160]   Translation: [0.0220, 0.0278, 0.0000]
[19:15:24.160]   Scale: 1.0000
