=== SolidLink Diagnostic Log ===
Started: 1/6/2026 4:13:42 PM

[16:13:42.431] ========== TREE EXTRACTION START ==========
[16:13:42.432] Model: Arm_link.SLDASM
[16:13:42.432] Type: ASSEMBLY
[16:13:42.443] Component: Arm_link
[16:13:42.443]   Parent: (ROOT)
[16:13:42.443]   Transform: (null or incomplete)
[16:13:42.449] Component: Arm_brace-1
[16:13:42.450]   Parent: (ROOT)
[16:13:42.450]   Rotation Row1: [0.0000, 1.0000, 0.0000]
[16:13:42.450]   Rotation Row2: [0.0000, 0.0000, 1.0000]
[16:13:42.457]   Rotation Row3: [1.0000, 0.0000, 0.0000]
[16:13:42.457]   Translation: [0.0000, 0.1207, 0.0220]
[16:13:42.458]   Scale: 1.0000
[16:13:42.479]   Body: Fillet4, UnitFactor: 0.0254
[16:13:42.485]     Vertices: 5010
[16:13:42.485]     BBox Min: [0.0019, 0.0000, -0.0127]
[16:13:42.486]     BBox Max: [0.0508, 0.0085, 0.0127]
[16:13:42.486]     BBox Size: [0.0489, 0.0085, 0.0254]
[16:13:42.495] Component: Arm_brace-4
[16:13:42.495]   Parent: (ROOT)
[16:13:42.496]   Rotation Row1: [0.0000, -1.0000, 0.0000]
[16:13:42.496]   Rotation Row2: [1.0000, 0.0000, 0.0000]
[16:13:42.496]   Rotation Row3: [0.0000, 0.0000, 1.0000]
[16:13:42.497]   Translation: [0.0220, 0.0278, 0.0000]
[16:13:42.498]   Scale: 1.0000
[16:13:42.498] Component: Skin Link-1
[16:13:42.499]   Parent: (ROOT)
[16:13:42.499]   Rotation Row1: [0.0000, 0.0000, 1.0000]
[16:13:42.500]   Rotation Row2: [0.0000, -1.0000, 0.0000]
[16:13:42.500]   Rotation Row3: [1.0000, 0.0000, 0.0000]
[16:13:42.501]   Translation: [0.0000, 0.1826, 0.0000]
[16:13:42.501]   Scale: 1.0000
[16:13:42.503]   Body: Cut-Extrude2, UnitFactor: 0.0254
[16:13:42.515]     Vertices: 1080
[16:13:42.515]     BBox Min: [-0.0305, 0.0006, -0.0305]
[16:13:42.516]     BBox Max: [0.0305, 0.1841, 0.0305]
[16:13:42.516]     BBox Size: [0.0610, 0.1835, 0.0610]
[16:13:42.519] Component: Arm_link_tube-1
[16:13:42.519]   Parent: (ROOT)
[16:13:42.519]   Rotation Row1: [1.0000, 0.0000, 0.0000]
[16:13:42.519]   Rotation Row2: [0.0000, 1.0000, 0.0000]
[16:13:42.520]   Rotation Row3: [0.0000, 0.0000, 1.0000]
[16:13:42.521]   Translation: [0.0000, 0.0000, 0.0000]
[16:13:42.521]   Scale: 1.0000
[16:13:42.524]   Body: Cut-Extrude2, UnitFactor: 0.0254
[16:13:42.525]     Vertices: 1992
[16:13:42.526]     BBox Min: [-0.0254, 0.0000, -0.0254]
[16:13:42.526]     BBox Max: [0.0254, 0.1588, 0.0254]
[16:13:42.527]     BBox Size: [0.0508, 0.1588, 0.0508]
[16:13:42.528] Component: Arm_brace-3
[16:13:42.529]   Parent: (ROOT)
[16:13:42.529]   Rotation Row1: [0.0000, -1.0000, 0.0000]
[16:13:42.529]   Rotation Row2: [-1.0000, 0.0000, 0.0000]
[16:13:42.530]   Rotation Row3: [0.0000, 0.0000, -1.0000]
[16:13:42.530]   Translation: [-0.0220, 0.0278, 0.0000]
[16:13:42.531]   Scale: 1.0000
[16:13:42.531] Component: Arm_brace-2
[16:13:42.532]   Parent: (ROOT)
[16:13:42.532]   Rotation Row1: [0.0000, 1.0000, 0.0000]
[16:13:42.532]   Rotation Row2: [0.0000, 0.0000, -1.0000]
[16:13:42.532]   Rotation Row3: [-1.0000, 0.0000, 0.0000]
[16:13:42.534]   Translation: [0.0000, 0.1207, -0.0220]
[16:13:42.534]   Scale: 1.0000
[16:13:42.535]   Body: Fillet4, UnitFactor: 0.0254
[16:13:42.537]     Vertices: 5010
[16:13:42.537]     BBox Min: [0.0019, 0.0000, -0.0127]
[16:13:42.538]     BBox Max: [0.0508, 0.0085, 0.0127]
[16:13:42.538]     BBox Size: [0.0489, 0.0085, 0.0254]
[16:18:11.082] ========== TREE EXTRACTION START ==========
[16:18:11.082] Model: Arm_link.SLDASM
[16:18:11.083] Type: ASSEMBLY
[16:18:11.084] Component: Arm_link
[16:18:11.085]   Parent: (ROOT)
[16:18:11.085]   Transform: (null or incomplete)
[16:18:11.086] Component: Arm_brace-1
[16:18:11.087]   Parent: (ROOT)
[16:18:11.088]   Rotation Row1: [0.0000, 1.0000, 0.0000]
[16:18:11.088]   Rotation Row2: [0.0000, 0.0000, 1.0000]
[16:18:11.088]   Rotation Row3: [1.0000, 0.0000, 0.0000]
[16:18:11.090]   Translation: [0.0000, 0.1207, 0.0220]
[16:18:11.090]   Scale: 1.0000
[16:18:11.091]   Body: Fillet4, UnitFactor: 0.0254
[16:18:11.093]     Vertices: 5010
[16:18:11.094]     BBox Min: [0.0019, 0.0000, -0.0127]
[16:18:11.095]     BBox Max: [0.0508, 0.0085, 0.0127]
[16:18:11.095]     BBox Size: [0.0489, 0.0085, 0.0254]
[16:18:11.099] Component: Arm_brace-4
[16:18:11.099]   Parent: (ROOT)
[16:18:11.100]   Rotation Row1: [0.0000, -1.0000, 0.0000]
[16:18:11.101]   Rotation Row2: [1.0000, 0.0000, 0.0000]
[16:18:11.101]   Rotation Row3: [0.0000, 0.0000, 1.0000]
[16:18:11.102]   Translation: [0.0220, 0.0278, 0.0000]
[16:18:11.103]   Scale: 1.0000
[16:18:11.104] Component: Skin Link-1
[16:18:11.105]   Parent: (ROOT)
[16:18:11.105]   Rotation Row1: [0.0000, 0.0000, 1.0000]
[16:18:11.106]   Rotation Row2: [0.0000, -1.0000, 0.0000]
[16:18:11.106]   Rotation Row3: [1.0000, 0.0000, 0.0000]
[16:18:11.107]   Translation: [0.0000, 0.1826, 0.0000]
[16:18:11.107]   Scale: 1.0000
[16:18:11.108]   Body: Cut-Extrude2, UnitFactor: 0.0254
[16:18:11.109]     Vertices: 1080
[16:18:11.109]     BBox Min: [-0.0305, 0.0006, -0.0305]
[16:18:11.112]     BBox Max: [0.0305, 0.1841, 0.0305]
[16:18:11.112]     BBox Size: [0.0610, 0.1835, 0.0610]
[16:18:11.114] Component: Arm_link_tube-1
[16:18:11.116]   Parent: (ROOT)
[16:18:11.117]   Rotation Row1: [1.0000, 0.0000, 0.0000]
[16:18:11.117]   Rotation Row2: [0.0000, 1.0000, 0.0000]
[16:18:11.118]   Rotation Row3: [0.0000, 0.0000, 1.0000]
[16:18:11.119]   Translation: [0.0000, 0.0000, 0.0000]
[16:18:11.119]   Scale: 1.0000
[16:18:11.119]   Body: Cut-Extrude2, UnitFactor: 0.0254
[16:18:11.122]     Vertices: 1992
[16:18:11.122]     BBox Min: [-0.0254, 0.0000, -0.0254]
[16:18:11.124]     BBox Max: [0.0254, 0.1588, 0.0254]
[16:18:11.124]     BBox Size: [0.0508, 0.1588, 0.0508]
[16:18:11.125] Component: Arm_brace-3
[16:18:11.125]   Parent: (ROOT)
[16:18:11.126]   Rotation Row1: [0.0000, -1.0000, 0.0000]
[16:18:11.126]   Rotation Row2: [-1.0000, 0.0000, 0.0000]
[16:18:11.128]   Rotation Row3: [0.0000, 0.0000, -1.0000]
[16:18:11.128]   Translation: [-0.0220, 0.0278, 0.0000]
[16:18:11.129]   Scale: 1.0000
[16:18:11.131] Component: Arm_brace-2
[16:18:11.132]   Parent: (ROOT)
[16:18:11.132]   Rotation Row1: [0.0000, 1.0000, 0.0000]
[16:18:11.134]   Rotation Row2: [0.0000, 0.0000, -1.0000]
[16:18:11.134]   Rotation Row3: [-1.0000, 0.0000, 0.0000]
[16:18:11.134]   Translation: [0.0000, 0.1207, -0.0220]
[16:18:11.136]   Scale: 1.0000
[16:18:11.137]   Body: Fillet4, UnitFactor: 0.0254
[16:18:11.138]     Vertices: 5010
[16:18:11.138]     BBox Min: [0.0019, 0.0000, -0.0127]
[16:18:11.139]     BBox Max: [0.0508, 0.0085, 0.0127]
[16:18:11.140]     BBox Size: [0.0489, 0.0085, 0.0254]
[16:18:13.627] ========== TREE EXTRACTION START ==========
[16:18:13.628] Model: Arm_link.SLDASM
[16:18:13.629] Type: ASSEMBLY
[16:18:13.631] Component: Arm_link
[16:18:13.632]   Parent: (ROOT)
[16:18:13.633]   Transform: (null or incomplete)
[16:18:13.634] Component: Arm_brace-1
[16:18:13.635]   Parent: (ROOT)
[16:18:13.636]   Rotation Row1: [0.0000, 1.0000, 0.0000]
[16:18:13.636]   Rotation Row2: [0.0000, 0.0000, 1.0000]
[16:18:13.637]   Rotation Row3: [1.0000, 0.0000, 0.0000]
[16:18:13.637]   Translation: [0.0000, 0.1207, 0.0220]
[16:18:13.638]   Scale: 1.0000
[16:18:13.640]   Body: Fillet4, UnitFactor: 0.0254
[16:18:13.642]     Vertices: 5010
[16:18:13.643]     BBox Min: [0.0019, 0.0000, -0.0127]
[16:18:13.645]     BBox Max: [0.0508, 0.0085, 0.0127]
[16:18:13.648]     BBox Size: [0.0489, 0.0085, 0.0254]
[16:18:13.650] Component: Arm_brace-4
[16:18:13.651]   Parent: (ROOT)
[16:18:13.652]   Rotation Row1: [0.0000, -1.0000, 0.0000]
[16:18:13.652]   Rotation Row2: [1.0000, 0.0000, 0.0000]
[16:18:13.653]   Rotation Row3: [0.0000, 0.0000, 1.0000]
[16:18:13.655]   Translation: [0.0220, 0.0278, 0.0000]
[16:18:13.656]   Scale: 1.0000
[16:18:13.656] Component: Skin Link-1
[16:18:13.657]   Parent: (ROOT)
[16:18:13.657]   Rotation Row1: [0.0000, 0.0000, 1.0000]
[16:18:13.658]   Rotation Row2: [0.0000, -1.0000, 0.0000]
[16:18:13.658]   Rotation Row3: [1.0000, 0.0000, 0.0000]
[16:18:13.659]   Translation: [0.0000, 0.1826, 0.0000]
[16:18:13.659]   Scale: 1.0000
[16:18:13.659]   Body: Cut-Extrude2, UnitFactor: 0.0254
[16:18:13.661]     Vertices: 1080
[16:18:13.662]     BBox Min: [-0.0305, 0.0006, -0.0305]
[16:18:13.662]     BBox Max: [0.0305, 0.1841, 0.0305]
[16:18:13.664]     BBox Size: [0.0610, 0.1835, 0.0610]
[16:18:13.666] Component: Arm_link_tube-1
[16:18:13.667]   Parent: (ROOT)
[16:18:13.668]   Rotation Row1: [1.0000, 0.0000, 0.0000]
[16:18:13.668]   Rotation Row2: [0.0000, 1.0000, 0.0000]
[16:18:13.669]   Rotation Row3: [0.0000, 0.0000, 1.0000]
[16:18:13.670]   Translation: [0.0000, 0.0000, 0.0000]
[16:18:13.671]   Scale: 1.0000
[16:18:13.671]   Body: Cut-Extrude2, UnitFactor: 0.0254
[16:18:13.672]     Vertices: 1992
[16:18:13.673]     BBox Min: [-0.0254, 0.0000, -0.0254]
[16:18:13.673]     BBox Max: [0.0254, 0.1588, 0.0254]
[16:18:13.673]     BBox Size: [0.0508, 0.1588, 0.0508]
[16:18:13.675] Component: Arm_brace-3
[16:18:13.676]   Parent: (ROOT)
[16:18:13.677]   Rotation Row1: [0.0000, -1.0000, 0.0000]
[16:18:13.678]   Rotation Row2: [-1.0000, 0.0000, 0.0000]
[16:18:13.678]   Rotation Row3: [0.0000, 0.0000, -1.0000]
[16:18:13.679]   Translation: [-0.0220, 0.0278, 0.0000]
[16:18:13.681]   Scale: 1.0000
[16:18:13.683] Component: Arm_brace-2
[16:18:13.683]   Parent: (ROOT)
[16:18:13.683]   Rotation Row1: [0.0000, 1.0000, 0.0000]
[16:18:13.684]   Rotation Row2: [0.0000, 0.0000, -1.0000]
[16:18:13.684]   Rotation Row3: [-1.0000, 0.0000, 0.0000]
[16:18:13.685]   Translation: [0.0000, 0.1207, -0.0220]
[16:18:13.686]   Scale: 1.0000
[16:18:13.687]   Body: Fillet4, UnitFactor: 0.0254
[16:18:13.689]     Vertices: 5010
[16:18:13.690]     BBox Min: [0.0019, 0.0000, -0.0127]
[16:18:13.690]     BBox Max: [0.0508, 0.0085, 0.0127]
[16:18:13.691]     BBox Size: [0.0489, 0.0085, 0.0254]
[16:18:15.790] ========== TREE EXTRACTION START ==========
[16:18:15.790] Model: Arm_link.SLDASM
[16:18:15.791] Type: ASSEMBLY
[16:18:15.792] Component: Arm_link
[16:18:15.792]   Parent: (ROOT)
[16:18:15.793]   Transform: (null or incomplete)
[16:18:15.794] Component: Arm_brace-1
[16:18:15.794]   Parent: (ROOT)
[16:18:15.796]   Rotation Row1: [0.0000, 1.0000, 0.0000]
[16:18:15.797]   Rotation Row2: [0.0000, 0.0000, 1.0000]
[16:18:15.798]   Rotation Row3: [1.0000, 0.0000, 0.0000]
[16:18:15.799]   Translation: [0.0000, 0.1207, 0.0220]
[16:18:15.800]   Scale: 1.0000
[16:18:15.801]   Body: Fillet4, UnitFactor: 0.0254
[16:18:15.803]     Vertices: 5010
[16:18:15.804]     BBox Min: [0.0019, 0.0000, -0.0127]
[16:18:15.804]     BBox Max: [0.0508, 0.0085, 0.0127]
[16:18:15.805]     BBox Size: [0.0489, 0.0085, 0.0254]
[16:18:15.806] Component: Arm_brace-4
[16:18:15.807]   Parent: (ROOT)
[16:18:15.808]   Rotation Row1: [0.0000, -1.0000, 0.0000]
[16:18:15.808]   Rotation Row2: [1.0000, 0.0000, 0.0000]
[16:18:15.808]   Rotation Row3: [0.0000, 0.0000, 1.0000]
[16:18:15.809]   Translation: [0.0220, 0.0278, 0.0000]
[16:18:15.809]   Scale: 1.0000
[16:18:15.809] Component: Skin Link-1
[16:18:15.811]   Parent: (ROOT)
[16:18:15.811]   Rotation Row1: [0.0000, 0.0000, 1.0000]
[16:18:15.814]   Rotation Row2: [0.0000, -1.0000, 0.0000]
[16:18:15.815]   Rotation Row3: [1.0000, 0.0000, 0.0000]
[16:18:15.816]   Translation: [0.0000, 0.1826, 0.0000]
[16:18:15.816]   Scale: 1.0000
[16:18:15.817]   Body: Cut-Extrude2, UnitFactor: 0.0254
[16:18:15.818]     Vertices: 1080
[16:18:15.819]     BBox Min: [-0.0305, 0.0006, -0.0305]
[16:18:15.821]     BBox Max: [0.0305, 0.1841, 0.0305]
[16:18:15.822]     BBox Size: [0.0610, 0.1835, 0.0610]
[16:18:15.824] Component: Arm_link_tube-1
[16:18:15.825]   Parent: (ROOT)
[16:18:15.826]   Rotation Row1: [1.0000, 0.0000, 0.0000]
[16:18:15.827]   Rotation Row2: [0.0000, 1.0000, 0.0000]
[16:18:15.827]   Rotation Row3: [0.0000, 0.0000, 1.0000]
[16:18:15.827]   Translation: [0.0000, 0.0000, 0.0000]
[16:18:15.829]   Scale: 1.0000
[16:18:15.831]   Body: Cut-Extrude2, UnitFactor: 0.0254
[16:18:15.832]     Vertices: 1992
[16:18:15.833]     BBox Min: [-0.0254, 0.0000, -0.0254]
[16:18:15.833]     BBox Max: [0.0254, 0.1588, 0.0254]
[16:18:15.833]     BBox Size: [0.0508, 0.1588, 0.0508]
[16:18:15.835] Component: Arm_brace-3
[16:18:15.836]   Parent: (ROOT)
[16:18:15.836]   Rotation Row1: [0.0000, -1.0000, 0.0000]
[16:18:15.836]   Rotation Row2: [-1.0000, 0.0000, 0.0000]
[16:18:15.838]   Rotation Row3: [0.0000, 0.0000, -1.0000]
[16:18:15.838]   Translation: [-0.0220, 0.0278, 0.0000]
[16:18:15.839]   Scale: 1.0000
[16:18:15.840] Component: Arm_brace-2
[16:18:15.840]   Parent: (ROOT)
[16:18:15.840]   Rotation Row1: [0.0000, 1.0000, 0.0000]
[16:18:15.841]   Rotation Row2: [0.0000, 0.0000, -1.0000]
[16:18:15.841]   Rotation Row3: [-1.0000, 0.0000, 0.0000]
[16:18:15.842]   Translation: [0.0000, 0.1207, -0.0220]
[16:18:15.842]   Scale: 1.0000
[16:18:15.843]   Body: Fillet4, UnitFactor: 0.0254
[16:18:15.844]     Vertices: 5010
[16:18:15.845]     BBox Min: [0.0019, 0.0000, -0.0127]
[16:18:15.847]     BBox Max: [0.0508, 0.0085, 0.0127]
[16:18:15.848]     BBox Size: [0.0489, 0.0085, 0.0254]
[16:18:26.922] ========== TREE EXTRACTION START ==========
[16:18:26.923] Model: Arm_link.SLDASM
[16:18:26.923] Type: ASSEMBLY
[16:18:26.924] Component: Arm_link
[16:18:26.924]   Parent: (ROOT)
[16:18:26.925]   Transform: (null or incomplete)
[16:18:26.926] Component: Arm_brace-1
[16:18:26.926]   Parent: (ROOT)
[16:18:26.927]   Rotation Row1: [0.0000, 1.0000, 0.0000]
[16:18:26.927]   Rotation Row2: [0.0000, 0.0000, 1.0000]
[16:18:26.928]   Rotation Row3: [1.0000, 0.0000, 0.0000]
[16:18:26.929]   Translation: [0.0000, 0.1207, 0.0220]
[16:18:26.930]   Scale: 1.0000
[16:18:26.930]   Body: Fillet4, UnitFactor: 0.0254
[16:18:26.932]     Vertices: 5010
[16:18:26.932]     BBox Min: [0.0019, 0.0000, -0.0127]
[16:18:26.932]     BBox Max: [0.0508, 0.0085, 0.0127]
[16:18:26.934]     BBox Size: [0.0489, 0.0085, 0.0254]
[16:18:26.934] Component: Arm_brace-4
[16:18:26.934]   Parent: (ROOT)
[16:18:26.936]   Rotation Row1: [0.0000, -1.0000, 0.0000]
[16:18:26.936]   Rotation Row2: [1.0000, 0.0000, 0.0000]
[16:18:26.937]   Rotation Row3: [0.0000, 0.0000, 1.0000]
[16:18:26.937]   Translation: [0.0220, 0.0278, 0.0000]
[16:18:26.937]   Scale: 1.0000
[16:18:26.938] Component: Skin Link-1
[16:18:26.938]   Parent: (ROOT)
[16:18:26.938]   Rotation Row1: [0.0000, 0.0000, 1.0000]
[16:18:26.939]   Rotation Row2: [0.0000, -1.0000, 0.0000]
[16:18:26.940]   Rotation Row3: [1.0000, 0.0000, 0.0000]
[16:18:26.940]   Translation: [0.0000, 0.1826, 0.0000]
[16:18:26.940]   Scale: 1.0000
[16:18:26.942]   Body: Cut-Extrude2, UnitFactor: 0.0254
[16:18:26.942]     Vertices: 1080
[16:18:26.943]     BBox Min: [-0.0305, 0.0006, -0.0305]
[16:18:26.943]     BBox Max: [0.0305, 0.1841, 0.0305]
[16:18:26.943]     BBox Size: [0.0610, 0.1835, 0.0610]
[16:18:26.946] Component: Arm_link_tube-1
[16:18:26.947]   Parent: (ROOT)
[16:18:26.947]   Rotation Row1: [1.0000, 0.0000, 0.0000]
[16:18:26.948]   Rotation Row2: [0.0000, 1.0000, 0.0000]
[16:18:26.948]   Rotation Row3: [0.0000, 0.0000, 1.0000]
[16:18:26.948]   Translation: [0.0000, 0.0000, 0.0000]
[16:18:26.949]   Scale: 1.0000
[16:18:26.950]   Body: Cut-Extrude2, UnitFactor: 0.0254
[16:18:26.950]     Vertices: 1992
[16:18:26.950]     BBox Min: [-0.0254, 0.0000, -0.0254]
[16:18:26.950]     BBox Max: [0.0254, 0.1588, 0.0254]
[16:18:26.952]     BBox Size: [0.0508, 0.1588, 0.0508]
[16:18:26.953] Component: Arm_brace-3
[16:18:26.953]   Parent: (ROOT)
[16:18:26.953]   Rotation Row1: [0.0000, -1.0000, 0.0000]
[16:18:26.954]   Rotation Row2: [-1.0000, 0.0000, 0.0000]
[16:18:26.954]   Rotation Row3: [0.0000, 0.0000, -1.0000]
[16:18:26.954]   Translation: [-0.0220, 0.0278, 0.0000]
[16:18:26.955]   Scale: 1.0000
[16:18:26.955] Component: Arm_brace-2
[16:18:26.956]   Parent: (ROOT)
[16:18:26.957]   Rotation Row1: [0.0000, 1.0000, 0.0000]
[16:18:26.957]   Rotation Row2: [0.0000, 0.0000, -1.0000]
[16:18:26.957]   Rotation Row3: [-1.0000, 0.0000, 0.0000]
[16:18:26.958]   Translation: [0.0000, 0.1207, -0.0220]
[16:18:26.958]   Scale: 1.0000
[16:18:26.959]   Body: Fillet4, UnitFactor: 0.0254
[16:18:26.961]     Vertices: 5010
[16:18:26.961]     BBox Min: [0.0019, 0.0000, -0.0127]
[16:18:26.961]     BBox Max: [0.0508, 0.0085, 0.0127]
[16:18:26.962]     BBox Size: [0.0489, 0.0085, 0.0254]
[16:19:44.324] ========== TREE EXTRACTION START ==========
[16:19:44.325] Model: Arm_link.SLDASM
[16:19:44.326] Type: ASSEMBLY
[16:19:44.327] Component: Arm_link
[16:19:44.327]   Parent: (ROOT)
[16:19:44.329]   Transform: (null or incomplete)
[16:19:44.329] Component: Arm_brace-1
[16:19:44.330]   Parent: (ROOT)
[16:19:44.330]   Rotation Row1: [0.0000, 1.0000, 0.0000]
[16:19:44.330]   Rotation Row2: [0.0000, 0.0000, 1.0000]
[16:19:44.331]   Rotation Row3: [1.0000, 0.0000, 0.0000]
[16:19:44.331]   Translation: [0.0000, 0.1207, 0.0220]
[16:19:44.332]   Scale: 1.0000
[16:19:44.332]   Body: Fillet4, UnitFactor: 0.0254
[16:19:44.334]     Vertices: 5010
[16:19:44.334]     BBox Min: [0.0019, 0.0000, -0.0127]
[16:19:44.334]     BBox Max: [0.0508, 0.0085, 0.0127]
[16:19:44.334]     BBox Size: [0.0489, 0.0085, 0.0254]
[16:19:44.336] Component: Arm_brace-4
[16:19:44.337]   Parent: (ROOT)
[16:19:44.337]   Rotation Row1: [0.0000, -1.0000, 0.0000]
[16:19:44.338]   Rotation Row2: [1.0000, 0.0000, 0.0000]
[16:19:44.338]   Rotation Row3: [0.0000, 0.0000, 1.0000]
[16:19:44.339]   Translation: [0.0220, 0.0278, 0.0000]
[16:19:44.339]   Scale: 1.0000
[16:19:44.339] Component: Skin Link-1
[16:19:44.340]   Parent: (ROOT)
[16:19:44.340]   Rotation Row1: [0.0000, 0.0000, 1.0000]
[16:19:44.343]   Rotation Row2: [0.0000, -1.0000, 0.0000]
[16:19:44.343]   Rotation Row3: [1.0000, 0.0000, 0.0000]
[16:19:44.346]   Translation: [0.0000, 0.1826, 0.0000]
[16:19:44.346]   Scale: 1.0000
[16:19:44.347]   Body: Cut-Extrude2, UnitFactor: 0.0254
[16:19:44.348]     Vertices: 1080
[16:19:44.348]     BBox Min: [-0.0305, 0.0006, -0.0305]
[16:19:44.349]     BBox Max: [0.0305, 0.1841, 0.0305]
[16:19:44.349]     BBox Size: [0.0610, 0.1835, 0.0610]
[16:19:44.350] Component: Arm_link_tube-1
[16:19:44.350]   Parent: (ROOT)
[16:19:44.351]   Rotation Row1: [1.0000, 0.0000, 0.0000]
[16:19:44.351]   Rotation Row2: [0.0000, 1.0000, 0.0000]
[16:19:44.351]   Rotation Row3: [0.0000, 0.0000, 1.0000]
[16:19:44.351]   Translation: [0.0000, 0.0000, 0.0000]
[16:19:44.352]   Scale: 1.0000
[16:19:44.352]   Body: Cut-Extrude2, UnitFactor: 0.0254
[16:19:44.353]     Vertices: 1992
[16:19:44.353]     BBox Min: [-0.0254, 0.0000, -0.0254]
[16:19:44.353]     BBox Max: [0.0254, 0.1588, 0.0254]
[16:19:44.354]     BBox Size: [0.0508, 0.1588, 0.0508]
[16:19:44.354] Component: Arm_brace-3
[16:19:44.355]   Parent: (ROOT)
[16:19:44.355]   Rotation Row1: [0.0000, -1.0000, 0.0000]
[16:19:44.355]   Rotation Row2: [-1.0000, 0.0000, 0.0000]
[16:19:44.355]   Rotation Row3: [0.0000, 0.0000, -1.0000]
[16:19:44.355]   Translation: [-0.0220, 0.0278, 0.0000]
[16:19:44.356]   Scale: 1.0000
[16:19:44.356] Component: Arm_brace-2
[16:19:44.357]   Parent: (ROOT)
[16:19:44.357]   Rotation Row1: [0.0000, 1.0000, 0.0000]
[16:19:44.357]   Rotation Row2: [0.0000, 0.0000, -1.0000]
[16:19:44.357]   Rotation Row3: [-1.0000, 0.0000, 0.0000]
[16:19:44.358]   Translation: [0.0000, 0.1207, -0.0220]
[16:19:44.358]   Scale: 1.0000
[16:19:44.359]   Body: Fillet4, UnitFactor: 0.0254
[16:19:44.359]     Vertices: 5010
[16:19:44.361]     BBox Min: [0.0019, 0.0000, -0.0127]
[16:19:44.361]     BBox Max: [0.0508, 0.0085, 0.0127]
[16:19:44.361]     BBox Size: [0.0489, 0.0085, 0.0254]
[16:20:16.736] ========== TREE EXTRACTION START ==========
[16:20:16.738] Model: Arm_link.SLDASM
[16:20:16.738] Type: ASSEMBLY
[16:20:16.740] Component: Arm_link
[16:20:16.740]   Parent: (ROOT)
[16:20:16.741]   Transform: (null or incomplete)
[16:20:16.741] Component: Arm_brace-1
[16:20:16.742]   Parent: (ROOT)
[16:20:16.744]   Rotation Row1: [0.0000, 1.0000, 0.0000]
[16:20:16.744]   Rotation Row2: [0.0000, 0.0000, 1.0000]
[16:20:16.745]   Rotation Row3: [1.0000, 0.0000, 0.0000]
[16:20:16.745]   Translation: [0.0000, 0.1207, 0.0220]
[16:20:16.745]   Scale: 1.0000
[16:20:16.747]   Body: Fillet4, UnitFactor: 0.0254
[16:20:16.748]     Vertices: 5010
[16:20:16.749]     BBox Min: [0.0019, 0.0000, -0.0127]
[16:20:16.749]     BBox Max: [0.0508, 0.0085, 0.0127]
[16:20:16.750]     BBox Size: [0.0489, 0.0085, 0.0254]
[16:20:16.752] Component: Arm_brace-4
[16:20:16.753]   Parent: (ROOT)
[16:20:16.753]   Rotation Row1: [0.0000, -1.0000, 0.0000]
[16:20:16.755]   Rotation Row2: [1.0000, 0.0000, 0.0000]
[16:20:16.755]   Rotation Row3: [0.0000, 0.0000, 1.0000]
[16:20:16.756]   Translation: [0.0220, 0.0278, 0.0000]
[16:20:16.757]   Scale: 1.0000
[16:20:16.757] Component: Skin Link-1
[16:20:16.757]   Parent: (ROOT)
[16:20:16.758]   Rotation Row1: [0.0000, 0.0000, 1.0000]
[16:20:16.759]   Rotation Row2: [0.0000, -1.0000, 0.0000]
[16:20:16.759]   Rotation Row3: [1.0000, 0.0000, 0.0000]
[16:20:16.759]   Translation: [0.0000, 0.1826, 0.0000]
[16:20:16.759]   Scale: 1.0000
[16:20:16.760]   Body: Cut-Extrude2, UnitFactor: 0.0254
[16:20:16.760]     Vertices: 1080
[16:20:16.761]     BBox Min: [-0.0305, 0.0006, -0.0305]
[16:20:16.762]     BBox Max: [0.0305, 0.1841, 0.0305]
[16:20:16.762]     BBox Size: [0.0610, 0.1835, 0.0610]
[16:20:16.765] Component: Arm_link_tube-1
[16:20:16.765]   Parent: (ROOT)
[16:20:16.766]   Rotation Row1: [1.0000, 0.0000, 0.0000]
[16:20:16.766]   Rotation Row2: [0.0000, 1.0000, 0.0000]
[16:20:16.766]   Rotation Row3: [0.0000, 0.0000, 1.0000]
[16:20:16.767]   Translation: [0.0000, 0.0000, 0.0000]
[16:20:16.767]   Scale: 1.0000
[16:20:16.768]   Body: Cut-Extrude2, UnitFactor: 0.0254
[16:20:16.771]     Vertices: 1992
[16:20:16.771]     BBox Min: [-0.0254, 0.0000, -0.0254]
[16:20:16.771]     BBox Max: [0.0254, 0.1588, 0.0254]
[16:20:16.772]     BBox Size: [0.0508, 0.1588, 0.0508]
[16:20:16.772] Component: Arm_brace-3
[16:20:16.773]   Parent: (ROOT)
[16:20:16.773]   Rotation Row1: [0.0000, -1.0000, 0.0000]
[16:20:16.773]   Rotation Row2: [-1.0000, 0.0000, 0.0000]
[16:20:16.773]   Rotation Row3: [0.0000, 0.0000, -1.0000]
[16:20:16.775]   Translation: [-0.0220, 0.0278, 0.0000]
[16:20:16.775]   Scale: 1.0000
[16:20:16.775] Component: Arm_brace-2
[16:20:16.775]   Parent: (ROOT)
[16:20:16.776]   Rotation Row1: [0.0000, 1.0000, 0.0000]
[16:20:16.776]   Rotation Row2: [0.0000, 0.0000, -1.0000]
[16:20:16.776]   Rotation Row3: [-1.0000, 0.0000, 0.0000]
[16:20:16.777]   Translation: [0.0000, 0.1207, -0.0220]
[16:20:16.777]   Scale: 1.0000
[16:20:16.777]   Body: Fillet4, UnitFactor: 0.0254
[16:20:16.779]     Vertices: 5010
[16:20:16.780]     BBox Min: [0.0019, 0.0000, -0.0127]
[16:20:16.780]     BBox Max: [0.0508, 0.0085, 0.0127]
[16:20:16.781]     BBox Size: [0.0489, 0.0085, 0.0254]
